  Game.cpp
..\src\Game.cpp(210): warning C4244: 'argument': conversion from 'float' to 'int', possible loss of data
..\src\Game.cpp(212): warning C4244: 'argument': conversion from 'float' to 'int', possible loss of data
LINK : warning LNK4098: defaultlib 'MSVCRTD' conflicts with use of other libs; use /NODEFAULTLIB:library
  Generating code
  1 of 16 functions ( 6.3%) were compiled, the rest were copied from previous compilation.
    0 functions were new in current compilation
    1 functions had inline decision re-evaluated but remain unchanged
  Finished generating code
raylib.lib(core.obj) : warning LNK4099: PDB 'raylib.pdb' was not found with 'raylib.lib(core.obj)' or at 'C:\Users\Martín\Desktop\Desarrollo-1-Concetti\Otras\bin\Release\raylib.pdb'; linking object as if no debug info
raylib.lib(shapes.obj) : warning LNK4099: PDB 'raylib.pdb' was not found with 'raylib.lib(shapes.obj)' or at 'C:\Users\Martín\Desktop\Desarrollo-1-Concetti\Otras\bin\Release\raylib.pdb'; linking object as if no debug info
raylib.lib(text.obj) : warning LNK4099: PDB 'raylib.pdb' was not found with 'raylib.lib(text.obj)' or at 'C:\Users\Martín\Desktop\Desarrollo-1-Concetti\Otras\bin\Release\raylib.pdb'; linking object as if no debug info
raylib.lib(textures.obj) : warning LNK4099: PDB 'raylib.pdb' was not found with 'raylib.lib(textures.obj)' or at 'C:\Users\Martín\Desktop\Desarrollo-1-Concetti\Otras\bin\Release\raylib.pdb'; linking object as if no debug info
raylib.lib(utils.obj) : warning LNK4099: PDB 'raylib.pdb' was not found with 'raylib.lib(utils.obj)' or at 'C:\Users\Martín\Desktop\Desarrollo-1-Concetti\Otras\bin\Release\raylib.pdb'; linking object as if no debug info
raylib.lib(context.obj) : warning LNK4099: PDB 'glfw_objlib.pdb' was not found with 'raylib.lib(context.obj)' or at 'C:\Users\Martín\Desktop\Desarrollo-1-Concetti\Otras\bin\Release\glfw_objlib.pdb'; linking object as if no debug info
raylib.lib(init.obj) : warning LNK4099: PDB 'glfw_objlib.pdb' was not found with 'raylib.lib(init.obj)' or at 'C:\Users\Martín\Desktop\Desarrollo-1-Concetti\Otras\bin\Release\glfw_objlib.pdb'; linking object as if no debug info
raylib.lib(input.obj) : warning LNK4099: PDB 'glfw_objlib.pdb' was not found with 'raylib.lib(input.obj)' or at 'C:\Users\Martín\Desktop\Desarrollo-1-Concetti\Otras\bin\Release\glfw_objlib.pdb'; linking object as if no debug info
raylib.lib(monitor.obj) : warning LNK4099: PDB 'glfw_objlib.pdb' was not found with 'raylib.lib(monitor.obj)' or at 'C:\Users\Martín\Desktop\Desarrollo-1-Concetti\Otras\bin\Release\glfw_objlib.pdb'; linking object as if no debug info
raylib.lib(vulkan.obj) : warning LNK4099: PDB 'glfw_objlib.pdb' was not found with 'raylib.lib(vulkan.obj)' or at 'C:\Users\Martín\Desktop\Desarrollo-1-Concetti\Otras\bin\Release\glfw_objlib.pdb'; linking object as if no debug info
raylib.lib(window.obj) : warning LNK4099: PDB 'glfw_objlib.pdb' was not found with 'raylib.lib(window.obj)' or at 'C:\Users\Martín\Desktop\Desarrollo-1-Concetti\Otras\bin\Release\glfw_objlib.pdb'; linking object as if no debug info
raylib.lib(win32_init.obj) : warning LNK4099: PDB 'glfw_objlib.pdb' was not found with 'raylib.lib(win32_init.obj)' or at 'C:\Users\Martín\Desktop\Desarrollo-1-Concetti\Otras\bin\Release\glfw_objlib.pdb'; linking object as if no debug info
raylib.lib(win32_joystick.obj) : warning LNK4099: PDB 'glfw_objlib.pdb' was not found with 'raylib.lib(win32_joystick.obj)' or at 'C:\Users\Martín\Desktop\Desarrollo-1-Concetti\Otras\bin\Release\glfw_objlib.pdb'; linking object as if no debug info
raylib.lib(win32_monitor.obj) : warning LNK4099: PDB 'glfw_objlib.pdb' was not found with 'raylib.lib(win32_monitor.obj)' or at 'C:\Users\Martín\Desktop\Desarrollo-1-Concetti\Otras\bin\Release\glfw_objlib.pdb'; linking object as if no debug info
raylib.lib(win32_time.obj) : warning LNK4099: PDB 'glfw_objlib.pdb' was not found with 'raylib.lib(win32_time.obj)' or at 'C:\Users\Martín\Desktop\Desarrollo-1-Concetti\Otras\bin\Release\glfw_objlib.pdb'; linking object as if no debug info
raylib.lib(win32_thread.obj) : warning LNK4099: PDB 'glfw_objlib.pdb' was not found with 'raylib.lib(win32_thread.obj)' or at 'C:\Users\Martín\Desktop\Desarrollo-1-Concetti\Otras\bin\Release\glfw_objlib.pdb'; linking object as if no debug info
raylib.lib(win32_window.obj) : warning LNK4099: PDB 'glfw_objlib.pdb' was not found with 'raylib.lib(win32_window.obj)' or at 'C:\Users\Martín\Desktop\Desarrollo-1-Concetti\Otras\bin\Release\glfw_objlib.pdb'; linking object as if no debug info
raylib.lib(wgl_context.obj) : warning LNK4099: PDB 'glfw_objlib.pdb' was not found with 'raylib.lib(wgl_context.obj)' or at 'C:\Users\Martín\Desktop\Desarrollo-1-Concetti\Otras\bin\Release\glfw_objlib.pdb'; linking object as if no debug info
raylib.lib(egl_context.obj) : warning LNK4099: PDB 'glfw_objlib.pdb' was not found with 'raylib.lib(egl_context.obj)' or at 'C:\Users\Martín\Desktop\Desarrollo-1-Concetti\Otras\bin\Release\glfw_objlib.pdb'; linking object as if no debug info
raylib.lib(osmesa_context.obj) : warning LNK4099: PDB 'glfw_objlib.pdb' was not found with 'raylib.lib(osmesa_context.obj)' or at 'C:\Users\Martín\Desktop\Desarrollo-1-Concetti\Otras\bin\Release\glfw_objlib.pdb'; linking object as if no debug info
  Project1.vcxproj -> C:\Users\Martín\Desktop\Desarrollo-1-Concetti\Otras\\bin\\Release\Project1.exe
  Project1.vcxproj -> C:\Users\Martín\Desktop\Desarrollo-1-Concetti\Otras\\bin\\Release\Project1.pdb (Full PDB)
  Ya existe el subdirectorio o el archivo C:\Users\Martín\Desktop\Desarrollo-1-Concetti\Otras\bin\Release\res.
  C:\Users\Martín\Desktop\Desarrollo-1-Concetti\Otras\res\Ball_VS_Player.wav
  C:\Users\Martín\Desktop\Desarrollo-1-Concetti\Otras\res\Tema.wav
  2 archivo(s) copiado(s)
